<?xml version="1.0"?>
<testsuite name="PhantomJS 2.1.1 (Windows 7 0.0.0)" package="" timestamp="2016-04-08T10:59:45" id="0" hostname="NKW23348" tests="2" errors="0" failures="0" time="0.012">
  <properties>
    <property name="browser.fullName" value="Mozilla/5.0 (Windows NT 6.1; WOW64) AppleWebKit/538.1 (KHTML, like Gecko) PhantomJS/2.1.1 Safari/538.1"/>
  </properties>
  <testcase name="is initialized." time="0.01" classname="PhantomJS_2_1_1_(Windows_7_0_0_0).Web socket server service."/>
  <testcase name="started listening" time="0.002" classname="PhantomJS_2_1_1_(Windows_7_0_0_0).Web socket server service."/>
  <system-out>
    <![CDATA[PhantomJS 2.1.1 (Windows 7 0.0.0) WARN: 'DEPRECATION WARNING: 'enqueueTask' is no longer supported and will be removed in next major release. Use addTask/addRepeatingTask/addMicroTask'

]]>
  </system-out>
  <system-err/>
</testsuite>