<?xml version="1.0"?>
<testsuite name="Chrome 49.0.2623 (Windows 7 0.0.0)" package="" timestamp="2016-04-08T10:13:20" id="0" hostname="NKW23348" tests="2" errors="0" failures="0" time="0.017">
  <properties>
    <property name="browser.fullName" value="Mozilla/5.0 (Windows NT 6.1; WOW64) AppleWebKit/537.36 (KHTML, like Gecko) Chrome/49.0.2623.110 Safari/537.36"/>
  </properties>
  <testcase name="is initialized." time="0.013" classname="Chrome_49_0_2623_(Windows_7_0_0_0).Web socket server service."/>
  <testcase name="started listening" time="0.004" classname="Chrome_49_0_2623_(Windows_7_0_0_0).Web socket server service."/>
  <system-out>
    <![CDATA[Chrome 49.0.2623 (Windows 7 0.0.0) WARN: 'DEPRECATION WARNING: 'enqueueTask' is no longer supported and will be removed in next major release. Use addTask/addRepeatingTask/addMicroTask'

]]>
  </system-out>
  <system-err/>
</testsuite>