<?xml version="1.0"?>
<testsuite name="Chrome 49.0.2623 (Windows 7 0.0.0)" package="" timestamp="2016-04-04T07:15:56" id="0" hostname="NKW23348" tests="2" errors="0" failures="0" time="0.004">
  <properties>
    <property name="browser.fullName" value="Mozilla/5.0 (Windows NT 6.1; WOW64) AppleWebKit/537.36 (KHTML, like Gecko) Chrome/49.0.2623.87 Safari/537.36"/>
  </properties>
  <testcase name="is initialized." time="0.003" classname="Chrome_49_0_2623_(Windows_7_0_0_0).Web socket connector"/>
  <testcase name="started listening" time="0.001" classname="Chrome_49_0_2623_(Windows_7_0_0_0).Web socket connector"/>
  <system-out>
    <![CDATA[
]]>
  </system-out>
  <system-err/>
</testsuite>