<?xml version="1.0"?>
<testsuite name="Chrome 49.0.2623 (Windows 7 0.0.0)" package="" timestamp="2016-04-08T06:57:15" id="0" hostname="NKW23348" tests="0" errors="1" failures="0" time="0">
  <properties>
    <property name="browser.fullName" value="Mozilla/5.0 (Windows NT 6.1; WOW64) AppleWebKit/537.36 (KHTML, like Gecko) Chrome/49.0.2623.110 Safari/537.36"/>
  </properties>
  <system-out>
    <![CDATA[
]]>
  </system-out>
  <system-err/>
</testsuite>